<?xml version="1.0" encoding="UTF-8"?>
<testng-results ignored="0" total="1" passed="1" failed="0" skipped="0">
  <reporter-output>
  </reporter-output>
  <suite started-at="2023-05-27T20:27:47 IST" name="Default suite" finished-at="2023-05-27T20:27:47 IST" duration-ms="60">
    <groups>
    </groups>
    <test started-at="2023-05-27T20:27:47 IST" name="Default test" finished-at="2023-05-27T20:27:47 IST" duration-ms="60">
      <class name="selenium.TestNg">
        <test-method signature="Demo()[pri:0, instance:selenium.TestNg@16610890]" started-at="2023-05-27T20:27:47 IST" name="Demo" finished-at="2023-05-27T20:27:47 IST" duration-ms="7" status="PASS">
          <reporter-output>
          </reporter-output>
        </test-method> <!-- Demo -->
      </class> <!-- selenium.TestNg -->
    </test> <!-- Default test -->
  </suite> <!-- Default suite -->
</testng-results>
