<?xml version="1.0" encoding="UTF-8"?>
<!-- Generated by org.testng.reporters.JUnitXMLReporter -->
<testsuite ignored="0" hostname="DESKTOP-HHITFIH" failures="0" tests="3" name="OrderSubmitTest" time="42.857" errors="0" timestamp="2023-06-04T13:58:23 IST">
  <testcase classname="Vaibhav_Test.SelFramework.StandAloneTest2" name="submitOrder" time="15.858"/>
  <testcase classname="Vaibhav_Test.SelFramework.StandAloneTest2" name="submitOrder" time="14.861"/>
  <testcase classname="Vaibhav_Test.SelFramework.StandAloneTest2" name="OrderHistoryTest" time="1.224"/>
</testsuite> <!-- OrderSubmitTest -->
