<?xml version="1.0" encoding="UTF-8"?>
<!-- Generated by org.testng.reporters.JUnitXMLReporter -->
<testsuite ignored="0" hostname="DESKTOP-HHITFIH" failures="0" tests="3" name="Default test" time="1.086" errors="0" timestamp="2023-06-09T13:47:23 IST">
  <testcase classname="dataDriven.ExcelDataProvider.dataProvide" name="testCaseData" time="0.006"/>
  <testcase classname="dataDriven.ExcelDataProvider.dataProvide" name="testCaseData" time="0.002"/>
  <testcase classname="dataDriven.ExcelDataProvider.dataProvide" name="testCaseData" time="0.001"/>
</testsuite> <!-- Default test -->
