<?xml version="1.0" encoding="UTF-8"?>
<testng-results ignored="0" total="3" passed="3" failed="0" skipped="0">
  <reporter-output>
  </reporter-output>
  <suite started-at="2023-06-09T13:47:22 IST" name="Default suite" finished-at="2023-06-09T13:47:23 IST" duration-ms="1086">
    <groups>
    </groups>
    <test started-at="2023-06-09T13:47:22 IST" name="Default test" finished-at="2023-06-09T13:47:23 IST" duration-ms="1086">
      <class name="dataDriven.ExcelDataProvider.dataProvide">
        <test-method signature="testCaseData(java.lang.String,java.lang.String,java.lang.String)[pri:0, instance:dataDriven.ExcelDataProvider.dataProvide@21282ed8]" started-at="2023-06-09T13:47:23 IST" name="testCaseData" data-provider="driveTest" finished-at="2023-06-09T13:47:23 IST" duration-ms="6" status="PASS">
          <params>
            <param index="0">
              <value>
                <![CDATA[hello]]>
              </value>
            </param>
            <param index="1">
              <value>
                <![CDATA[vaibhav]]>
              </value>
            </param>
            <param index="2">
              <value>
                <![CDATA[20]]>
              </value>
            </param>
          </params>
          <reporter-output>
          </reporter-output>
        </test-method> <!-- testCaseData -->
        <test-method signature="testCaseData(java.lang.String,java.lang.String,java.lang.String)[pri:0, instance:dataDriven.ExcelDataProvider.dataProvide@21282ed8]" started-at="2023-06-09T13:47:23 IST" name="testCaseData" data-provider="driveTest" finished-at="2023-06-09T13:47:23 IST" duration-ms="2" status="PASS">
          <params>
            <param index="0">
              <value>
                <![CDATA[vcfkus]]>
              </value>
            </param>
            <param index="1">
              <value>
                <![CDATA[sanskar]]>
              </value>
            </param>
            <param index="2">
              <value>
                <![CDATA[11]]>
              </value>
            </param>
          </params>
          <reporter-output>
          </reporter-output>
        </test-method> <!-- testCaseData -->
        <test-method signature="testCaseData(java.lang.String,java.lang.String,java.lang.String)[pri:0, instance:dataDriven.ExcelDataProvider.dataProvide@21282ed8]" started-at="2023-06-09T13:47:23 IST" name="testCaseData" data-provider="driveTest" finished-at="2023-06-09T13:47:23 IST" duration-ms="1" status="PASS">
          <params>
            <param index="0">
              <value>
                <![CDATA[ckvjflj]]>
              </value>
            </param>
            <param index="1">
              <value>
                <![CDATA[reddy]]>
              </value>
            </param>
            <param index="2">
              <value>
                <![CDATA[10]]>
              </value>
            </param>
          </params>
          <reporter-output>
          </reporter-output>
        </test-method> <!-- testCaseData -->
      </class> <!-- dataDriven.ExcelDataProvider.dataProvide -->
    </test> <!-- Default test -->
  </suite> <!-- Default suite -->
</testng-results>
